0 info it worked if it ends with ok
1 verbose cli [ 'node', '/usr/local/bin/npm', 'publish' ]
2 info using npm@1.4.3
3 info using node@v0.10.26
4 verbose publish [ '.' ]
5 verbose cache add [ '.', null ]
6 verbose cache add name=undefined spec="." args=[".",null]
7 verbose parsed url { protocol: null,
7 verbose parsed url   slashes: null,
7 verbose parsed url   auth: null,
7 verbose parsed url   host: null,
7 verbose parsed url   port: null,
7 verbose parsed url   hostname: null,
7 verbose parsed url   hash: null,
7 verbose parsed url   search: null,
7 verbose parsed url   query: null,
7 verbose parsed url   pathname: '.',
7 verbose parsed url   path: '.',
7 verbose parsed url   href: '.' }
8 silly lockFile 3a52ce78- .
9 verbose lock . /Users/shakyshane/.npm/3a52ce78-.lock
10 verbose tar pack [ '/var/folders/p5/qv6_np7100lb7z4ksv8dhy0m0000gn/T/npm-5261-DpRGxBdO/1407270323535-0.2746586804278195/tmp.tgz',
10 verbose tar pack   '.' ]
11 verbose tarball /var/folders/p5/qv6_np7100lb7z4ksv8dhy0m0000gn/T/npm-5261-DpRGxBdO/1407270323535-0.2746586804278195/tmp.tgz
12 verbose folder .
13 info prepublish bs-snippet-injector@0.0.4
14 silly lockFile 1f1177db-tar tar://.
15 verbose lock tar://. /Users/shakyshane/.npm/1f1177db-tar.lock
16 silly lockFile a0a83a62-23535-0-2746586804278195-tmp-tgz tar:///var/folders/p5/qv6_np7100lb7z4ksv8dhy0m0000gn/T/npm-5261-DpRGxBdO/1407270323535-0.2746586804278195/tmp.tgz
17 verbose lock tar:///var/folders/p5/qv6_np7100lb7z4ksv8dhy0m0000gn/T/npm-5261-DpRGxBdO/1407270323535-0.2746586804278195/tmp.tgz /Users/shakyshane/.npm/a0a83a62-23535-0-2746586804278195-tmp-tgz.lock
18 silly lockFile 1f1177db-tar tar://.
19 silly lockFile 1f1177db-tar tar://.
20 silly lockFile a0a83a62-23535-0-2746586804278195-tmp-tgz tar:///var/folders/p5/qv6_np7100lb7z4ksv8dhy0m0000gn/T/npm-5261-DpRGxBdO/1407270323535-0.2746586804278195/tmp.tgz
21 silly lockFile a0a83a62-23535-0-2746586804278195-tmp-tgz tar:///var/folders/p5/qv6_np7100lb7z4ksv8dhy0m0000gn/T/npm-5261-DpRGxBdO/1407270323535-0.2746586804278195/tmp.tgz
22 verbose tar unpack /var/folders/p5/qv6_np7100lb7z4ksv8dhy0m0000gn/T/npm-5261-DpRGxBdO/1407270323535-0.2746586804278195/tmp.tgz
23 silly lockFile 485e760e-23535-0-2746586804278195-package tar:///var/folders/p5/qv6_np7100lb7z4ksv8dhy0m0000gn/T/npm-5261-DpRGxBdO/1407270323535-0.2746586804278195/package
24 verbose lock tar:///var/folders/p5/qv6_np7100lb7z4ksv8dhy0m0000gn/T/npm-5261-DpRGxBdO/1407270323535-0.2746586804278195/package /Users/shakyshane/.npm/485e760e-23535-0-2746586804278195-package.lock
25 silly lockFile a0a83a62-23535-0-2746586804278195-tmp-tgz tar:///var/folders/p5/qv6_np7100lb7z4ksv8dhy0m0000gn/T/npm-5261-DpRGxBdO/1407270323535-0.2746586804278195/tmp.tgz
26 verbose lock tar:///var/folders/p5/qv6_np7100lb7z4ksv8dhy0m0000gn/T/npm-5261-DpRGxBdO/1407270323535-0.2746586804278195/tmp.tgz /Users/shakyshane/.npm/a0a83a62-23535-0-2746586804278195-tmp-tgz.lock
27 silly gunzTarPerm modes [ '755', '644' ]
28 silly gunzTarPerm extractEntry package.json
29 silly gunzTarPerm extractEntry .npmignore
30 silly gunzTarPerm extractEntry example.js
31 silly gunzTarPerm extractEntry index.js
32 silly gunzTarPerm extractEntry index.html
33 silly lockFile 485e760e-23535-0-2746586804278195-package tar:///var/folders/p5/qv6_np7100lb7z4ksv8dhy0m0000gn/T/npm-5261-DpRGxBdO/1407270323535-0.2746586804278195/package
34 silly lockFile 485e760e-23535-0-2746586804278195-package tar:///var/folders/p5/qv6_np7100lb7z4ksv8dhy0m0000gn/T/npm-5261-DpRGxBdO/1407270323535-0.2746586804278195/package
35 silly lockFile a0a83a62-23535-0-2746586804278195-tmp-tgz tar:///var/folders/p5/qv6_np7100lb7z4ksv8dhy0m0000gn/T/npm-5261-DpRGxBdO/1407270323535-0.2746586804278195/tmp.tgz
36 silly lockFile a0a83a62-23535-0-2746586804278195-tmp-tgz tar:///var/folders/p5/qv6_np7100lb7z4ksv8dhy0m0000gn/T/npm-5261-DpRGxBdO/1407270323535-0.2746586804278195/tmp.tgz
37 verbose tar pack [ '/Users/shakyshane/.npm/bs-snippet-injector/0.0.4/package.tgz',
37 verbose tar pack   '/var/folders/p5/qv6_np7100lb7z4ksv8dhy0m0000gn/T/npm-5261-DpRGxBdO/1407270323535-0.2746586804278195/package' ]
38 verbose tarball /Users/shakyshane/.npm/bs-snippet-injector/0.0.4/package.tgz
39 verbose folder /var/folders/p5/qv6_np7100lb7z4ksv8dhy0m0000gn/T/npm-5261-DpRGxBdO/1407270323535-0.2746586804278195/package
40 silly lockFile 485e760e-23535-0-2746586804278195-package tar:///var/folders/p5/qv6_np7100lb7z4ksv8dhy0m0000gn/T/npm-5261-DpRGxBdO/1407270323535-0.2746586804278195/package
41 verbose lock tar:///var/folders/p5/qv6_np7100lb7z4ksv8dhy0m0000gn/T/npm-5261-DpRGxBdO/1407270323535-0.2746586804278195/package /Users/shakyshane/.npm/485e760e-23535-0-2746586804278195-package.lock
42 silly lockFile 4934ae7e-ippet-injector-0-0-4-package-tgz tar:///Users/shakyshane/.npm/bs-snippet-injector/0.0.4/package.tgz
43 verbose lock tar:///Users/shakyshane/.npm/bs-snippet-injector/0.0.4/package.tgz /Users/shakyshane/.npm/4934ae7e-ippet-injector-0-0-4-package-tgz.lock
44 silly lockFile 485e760e-23535-0-2746586804278195-package tar:///var/folders/p5/qv6_np7100lb7z4ksv8dhy0m0000gn/T/npm-5261-DpRGxBdO/1407270323535-0.2746586804278195/package
45 silly lockFile 485e760e-23535-0-2746586804278195-package tar:///var/folders/p5/qv6_np7100lb7z4ksv8dhy0m0000gn/T/npm-5261-DpRGxBdO/1407270323535-0.2746586804278195/package
46 silly lockFile 4934ae7e-ippet-injector-0-0-4-package-tgz tar:///Users/shakyshane/.npm/bs-snippet-injector/0.0.4/package.tgz
47 silly lockFile 4934ae7e-ippet-injector-0-0-4-package-tgz tar:///Users/shakyshane/.npm/bs-snippet-injector/0.0.4/package.tgz
48 silly lockFile 076ad593-s-snippet-injector-0-0-4-package /Users/shakyshane/.npm/bs-snippet-injector/0.0.4/package
49 verbose lock /Users/shakyshane/.npm/bs-snippet-injector/0.0.4/package /Users/shakyshane/.npm/076ad593-s-snippet-injector-0-0-4-package.lock
50 silly lockFile 076ad593-s-snippet-injector-0-0-4-package /Users/shakyshane/.npm/bs-snippet-injector/0.0.4/package
51 silly lockFile 076ad593-s-snippet-injector-0-0-4-package /Users/shakyshane/.npm/bs-snippet-injector/0.0.4/package
52 verbose tar unpack /Users/shakyshane/.npm/bs-snippet-injector/0.0.4/package.tgz
53 silly lockFile 865bf8f7-s-snippet-injector-0-0-4-package tar:///Users/shakyshane/.npm/bs-snippet-injector/0.0.4/package
54 verbose lock tar:///Users/shakyshane/.npm/bs-snippet-injector/0.0.4/package /Users/shakyshane/.npm/865bf8f7-s-snippet-injector-0-0-4-package.lock
55 silly lockFile 4934ae7e-ippet-injector-0-0-4-package-tgz tar:///Users/shakyshane/.npm/bs-snippet-injector/0.0.4/package.tgz
56 verbose lock tar:///Users/shakyshane/.npm/bs-snippet-injector/0.0.4/package.tgz /Users/shakyshane/.npm/4934ae7e-ippet-injector-0-0-4-package-tgz.lock
57 silly gunzTarPerm modes [ '755', '644' ]
58 silly gunzTarPerm extractEntry package.json
59 silly gunzTarPerm extractEntry .npmignore
60 silly gunzTarPerm extractEntry example.js
61 silly gunzTarPerm extractEntry index.js
62 silly gunzTarPerm extractEntry index.html
63 silly lockFile 865bf8f7-s-snippet-injector-0-0-4-package tar:///Users/shakyshane/.npm/bs-snippet-injector/0.0.4/package
64 silly lockFile 865bf8f7-s-snippet-injector-0-0-4-package tar:///Users/shakyshane/.npm/bs-snippet-injector/0.0.4/package
65 silly lockFile 4934ae7e-ippet-injector-0-0-4-package-tgz tar:///Users/shakyshane/.npm/bs-snippet-injector/0.0.4/package.tgz
66 silly lockFile 4934ae7e-ippet-injector-0-0-4-package-tgz tar:///Users/shakyshane/.npm/bs-snippet-injector/0.0.4/package.tgz
67 verbose chmod /Users/shakyshane/.npm/bs-snippet-injector/0.0.4/package.tgz 644
68 verbose chown /Users/shakyshane/.npm/bs-snippet-injector/0.0.4/package.tgz [ 501, 20 ]
69 silly lockFile 3a52ce78- .
70 silly lockFile 3a52ce78- .
71 silly publish { name: 'bs-snippet-injector',
71 silly publish   version: '0.0.4',
71 silly publish   description: 'Write & Remove the BrowserSync Snippet to a file',
71 silly publish   main: 'index.js',
71 silly publish   scripts: { test: 'echo "Error: no test specified" && exit 1' },
71 silly publish   repository:
71 silly publish    { type: 'git',
71 silly publish      url: 'git@github.com:shakyShane/bs-snippet-injector.git' },
71 silly publish   keywords: [ 'browser', 'sync' ],
71 silly publish   author: { name: 'Shane Osbourne' },
71 silly publish   license: 'MIT',
71 silly publish   bugs: { url: 'https://github.com/shakyShane/bs-snippet-injector/issues' },
71 silly publish   homepage: 'https://github.com/shakyShane/bs-snippet-injector',
71 silly publish   dependencies: { tfunk: '0.0.2' },
71 silly publish   devDependencies: { 'browser-sync': '^1.3.3' },
71 silly publish   readme: 'ERROR: No README data found!',
71 silly publish   _id: 'bs-snippet-injector@0.0.4',
71 silly publish   dist: { shasum: 'fc430b979f9b34454d5798bc998576bb6ce4e0b1' },
71 silly publish   _from: '.' }
72 verbose url raw bs-snippet-injector
73 verbose url resolving [ 'https://registry.npmjs.org/', './bs-snippet-injector' ]
74 verbose url resolved https://registry.npmjs.org/bs-snippet-injector
75 info trying registry request attempt 1 at 21:25:23
76 http PUT https://registry.npmjs.org/bs-snippet-injector
77 http 403 https://registry.npmjs.org/bs-snippet-injector
78 error publish Failed PUT 403
79 error Error: forbidden cannot modify pre-existing version: 0.0.4
79 error old={"name":"bs-snippet-injector","version":"0.0.4","description":"Write & Remove the BrowserSync Snippet to a file","main":"index.js","scripts":{"test":"echo \"Error: no test specified\" && exit 1"},"repository":{"type":"git","url":"git@github.com:shakyShane/bs-snippet-injector.git"},"keywords":["browser","sync"],"author":{"name":"Shane Osbourne"},"license":"MIT","bugs":{"url":"https://github.com/shakyShane/bs-snippet-injector/issues"},"homepage":"https://github.com/shakyShane/bs-snippet-injector","dependencies":{"tfunk":"0.0.2"},"devDependencies":{"browser-sync":"^1.3.3"},"_id":"bs-snippet-injector@0.0.4","dist":{"shasum":"fcaea4f7b241945b384e1daf28040402c8b33a0c","tarball":"http://registry.npmjs.org/bs-snippet-injector/-/bs-snippet-injector-0.0.4.tgz"},"_from":".","_npmVersion":"1.4.3","_npmUser":{"name":"shakyshane","email":"shakyshane@gmail.com"},"maintainers":[{"name":"shakyshane","email":"shakyshane@gmail.com"}]}
79 error new={"name":"bs-snippet-injector","version":"0.0.4","description":"Write & Remove the BrowserSync Snippet to a file","main":"index.js","scripts":{"test":"echo \"Error: no test specified\" && exit 1"},"repository":{"type":"git","url":"git@github.com:shakyShane/bs-snippet-injector.git"},"keywords":["browser","sync"],"author":{"name":"Shane Osbourne"},"license":"MIT","bugs":{"url":"https://github.com/shakyShane/bs-snippet-injector/issues"},"homepage":"https://github.com/shakyShane/bs-snippet-injector","dependencies":{"tfunk":"0.0.2"},"devDependencies":{"browser-sync":"^1.3.3"},"readme":"ERROR: No README data found!","_id":"bs-snippet-injector@0.0.4","dist":{"shasum":"fc430b979f9b34454d5798bc998576bb6ce4e0b1","tarball":"http://registry.npmjs.org/bs-snippet-injector/-/bs-snippet-injector-0.0.4.tgz"},"_from":".","_npmVersion":"1.4.3","_npmUser":{"name":"shakyshane","email":"shakyshane@gmail.com"},"maintainers":[{"name":"shakyshane","email":"shakyshane@gmail.com"}]}: bs-snippet-injector
79 error     at RegClient.<anonymous> (/usr/local/lib/node_modules/npm/node_modules/npm-registry-client/lib/request.js:237:14)
79 error     at Request.self.callback (/usr/local/lib/node_modules/npm/node_modules/request/request.js:123:22)
79 error     at Request.EventEmitter.emit (events.js:98:17)
79 error     at Request.<anonymous> (/usr/local/lib/node_modules/npm/node_modules/request/request.js:893:14)
79 error     at Request.EventEmitter.emit (events.js:117:20)
79 error     at IncomingMessage.<anonymous> (/usr/local/lib/node_modules/npm/node_modules/request/request.js:844:12)
79 error     at IncomingMessage.EventEmitter.emit (events.js:117:20)
79 error     at _stream_readable.js:920:16
79 error     at process._tickCallback (node.js:415:13)
80 error If you need help, you may report this *entire* log,
80 error including the npm and node versions, at:
80 error     <http://github.com/npm/npm/issues>
81 error System Darwin 13.1.0
82 error command "node" "/usr/local/bin/npm" "publish"
83 error cwd /Users/shakyshane/code/bs-snippet-injector
84 error node -v v0.10.26
85 error npm -v 1.4.3
86 verbose exit [ 1, true ]
